
> starter@1.0.0 e2e:base /Users/Rixiang_Folder/Documents/COMP531/hw6/frontend
> mocha --opts e2e/mocha.opts e2e/*.spec.js "--reporter" "xunit"

<testsuite name="Mocha Tests" tests="12" failures="0" errors="0" skipped="0" timestamp="Sun, 13 Nov 2016 00:57:22 GMT" time="27.696">
<testcase classname="Test Ricebook Landing Page" name="should register a new account" time="0.54"/>
<testcase classname="Test Ricebook Landing Page" name="should log in as the test user" time="0.515"/>
<testcase classname="Test Ricebook Main Page" name="Create new article and validate article appears in feed" time="1.25"/>
<testcase classname="Test Ricebook Main Page" name="Edit an article and validate the article text has updated" time="2.152"/>
<testcase classname="Test Ricebook Main Page" name="Update the headline and verify the change" time="1.233"/>
<testcase classname="Test Ricebook Main Page" name="Count the number of followed users" time="0.515"/>
<testcase classname="Test Ricebook Main Page" name="Add the 'Follower' user and verify following count increases by one" time="1.072"/>
<testcase classname="Test Ricebook Main Page" name="Remove the Follower user and verify following count decreases by one" time="1.034"/>
<testcase classname="Test Ricebook Profile Page" name="Update user's email and verify" time="2.825"/>
<testcase classname="Test Ricebook Profile Page" name="Update user's zipcode and verify" time="3.177"/>
<testcase classname="Test Ricebook Profile Page" name="Update user's password and verify" time="2.296"/>
<testcase classname="shutdown" name="now" time="0.11"/>
</testsuite>
